<?xml version="1.0" encoding="UTF-8"?>
<!-- Generated by org.testng.reporters.JUnitReportReporter -->
<testsuite hostname="LAPTOP-634875P7" failures="0" tests="1" name="userManagement.JsonschemaValidator" time="1.821" errors="0" timestamp="2025-04-14T12:51:42 IST" skipped="0">
  <testcase classname="userManagement.JsonschemaValidator" name="jsonschemavalidation" time="1.821"/>
  <system-out/>
</testsuite> <!-- userManagement.JsonschemaValidator -->
