<?xml version="1.0" encoding="UTF-8"?>
<!-- Generated by org.testng.reporters.JUnitReportReporter -->
<testsuite hostname="LAPTOP-634875P7" failures="0" tests="1" name="userManagement.ergast" time="2.739" errors="0" timestamp="2025-04-25T13:15:45 IST" skipped="0">
  <testcase classname="userManagement.ergast" name="printresponsebodyinconsole" time="2.739"/>
  <system-out/>
</testsuite> <!-- userManagement.ergast -->
