<?xml version="1.0" encoding="UTF-8"?>
<!-- Generated by org.testng.reporters.JUnitReportReporter -->
<testsuite hostname="LAPTOP-634875P7" failures="0" tests="3" name="userManagement.jsonplaceholder" time="1.360" errors="0" timestamp="2025-04-10T18:44:03 IST" skipped="0">
  <testcase classname="userManagement.jsonplaceholder" name="validateListContainsInOrder" time="0.256"/>
  <system-out/>
  <testcase classname="userManagement.jsonplaceholder" name="validateResponseHasSize" time="0.339"/>
  <system-out/>
  <testcase classname="userManagement.jsonplaceholder" name="validateGetResponseBody" time="0.765"/>
  <system-out/>
</testsuite> <!-- userManagement.jsonplaceholder -->
