<?xml version="1.0" encoding="UTF-8"?>
<!-- Generated by org.testng.reporters.JUnitReportReporter -->
<testsuite hostname="LAPTOP-634875P7" failures="0" tests="1" name="userManagement.echopostman" time="3.944" errors="0" timestamp="2025-04-22T15:51:10 IST" skipped="0">
  <testcase classname="userManagement.echopostman" name="validatePostWithcomplexpojo" time="3.944"/>
  <system-out/>
</testsuite> <!-- userManagement.echopostman -->
