<?xml version="1.0" encoding="UTF-8"?>
<!-- Generated by org.testng.reporters.JUnitReportReporter -->
<testsuite hostname="LAPTOP-634875P7" failures="0" tests="1" name="userManagement.ergast" time="1.741" errors="0" timestamp="2025-04-10T18:44:03 IST" skipped="0">
  <testcase classname="userManagement.ergast" name="validateResponseBodyGetPathParam" time="1.741"/>
  <system-out/>
</testsuite> <!-- userManagement.ergast -->
