<?xml version="1.0" encoding="UTF-8"?>
<!-- Generated by org.testng.reporters.JUnitReportReporter -->
<testsuite hostname="LAPTOP-634875P7" failures="0" tests="1" name="userManagement.getuser" time="1.301" errors="0" timestamp="2025-04-14T18:32:18 IST" skipped="0">
  <testcase classname="userManagement.getuser" name="validateWithSoftAssertUtil" time="1.301"/>
  <system-out/>
</testsuite> <!-- userManagement.getuser -->
